     1                                  bits 32 ; assembling for the 32 bits architecture
     2                                  
     3                                  ; declare the EntryPoint (a label defining the very first instruction of the program)
     4                                  global start        
     5                                  
     6                                  ; declare external functions needed by our program
     7                                  extern exit               ; tell nasm that exit exists even if we won't be defining it
     8                                  import exit msvcrt.dll    ; exit is a function that ends the calling process. It is defined in msvcrt.dll
     9                                                            ; msvcrt.dll contains exit, printf and all the other important C-runtime specific functions
    10                                  
    11                                  ; our data is declared here (the variables needed by our program)
    12                                  segment data use32 class=data
    13                                      ; ...
    14 00000000 2C01                        d dw 300
    15 00000002 6400                        a dw 100
    16                                      ;AX ← DX:AX / <reg16>, DX ← DX:AX % <reg16>
    17                                  
    18                                  ; our code starts here
    19                                  segment code use32 class=code
    20                                      start:
    21                                          ; ...
    22 00000000 66A1[00000000]              mov ax,[d]
    23 00000006 6683C003                    add ax,3
    24 0000000A 66F725[02000000]            mul word [a]
    25 00000011 6683E80A                    sub ax,10
    26 00000015 66F735[00000000]            div word [d]
    27                                      
    28                                          ; exit(0)
    29 0000001C 6A00                            push    dword 0      ; push the parameter for exit onto the stack
    30 0000001E FF15[00000000]                  call    [exit]       ; call exit to terminate the program
