     1                                  bits 32 ; assembling for the 32 bits architecture
     2                                  
     3                                  ; declare the EntryPoint (a label defining the very first instruction of the program)
     4                                  global start        
     5                                  
     6                                  ; declare external functions needed by our program
     7                                  extern exit               ; tell nasm that exit exists even if we won't be defining it
     8                                  import exit msvcrt.dll    ; exit is a function that ends the calling process. It is defined in msvcrt.dll
     9                                                            ; msvcrt.dll contains exit, printf and all the other important C-runtime specific functions
    10                                  
    11                                  ; our data is declared here (the variables needed by our program)
    12                                  segment data use32 class=data
    13                                      ; ...
    14 00000000 03                          a db 3
    15 00000001 04                          b db 4
    16 00000002 05                          c db 5
    17 00000003 06                          d db 6
    18                                  ; our code starts here
    19                                  segment code use32 class=code
    20                                      start:
    21                                          ; ...
    22 00000000 A0[00000000]                mov al,[a]
    23 00000005 0205[01000000]              add al,[b]
    24 0000000B 8A1D[02000000]              mov bl,[c]
    25 00000011 021D[03000000]              add bl,[d]
    26 00000017 F6E3                        mul bl
    27                                      
    28                                          ; exit(0)
    29 00000019 6A00                            push    dword 0      ; push the parameter for exit onto the stack
    30 0000001B FF15[00000000]                  call    [exit]       ; call exit to terminate the program
