     1                                  bits 32 ; assembling for the 32 bits architecture
     2                                  
     3                                  ; declare the EntryPoint (a label defining the very first instruction of the program)
     4                                  global start        
     5                                  
     6                                  ; declare external functions needed by our program
     7                                  extern exit               ; tell nasm that exit exists even if we won't be defining it
     8                                  import exit msvcrt.dll    ; exit is a function that ends the calling process. It is defined in msvcrt.dll
     9                                                            ; msvcrt.dll contains exit, printf and all the other important C-runtime specific functions
    10                                  
    11                                  ; our data is declared here (the variables needed by our program)
    12                                  segment data use32 class=data
    13                                      ; ...
    14 00000000 0101                        a dw 257
    15 00000002 2E01                        b dw 302
    16 00000004 2B02                        c dw 555
    17 00000006 E803                        d dw 1000
    18                                  ; our code starts here
    19                                  segment code use32 class=code
    20                                      start:
    21                                          ; ...
    22 00000000 A1[04000000]                mov eax,[c]
    23 00000005 0305[04000000]              add eax,[c]
    24 0000000B 0305[04000000]              add eax,[c]
    25 00000011 0305[04000000]              add eax,[c]
    26 00000017 2B05[02000000]              sub eax,[b]
    27 0000001D 0305[06000000]              add eax,[d]
    28 00000023 2B05[00000000]              sub eax,[a]
    29                                      
    30                                          ; exit(0)
    31 00000029 6A00                            push    dword 0      ; push the parameter for exit onto the stack
    32 0000002B FF15[00000000]                  call    [exit]       ; call exit to terminate the program
