     1                                  bits 32 
     2                                  
     3                                  
     4                                  global start        
     5                                  
     6                                  
     7                                  extern fread
     8                                  extern fopen
     9                                  extern fclose
    10                                  extern fprintf
    11                                  extern fclose
    12                                  extern exit       
    13                                          
    14                                  import exit msvcrt.dll
    15                                  import fopen msvcrt.dll
    16                                  import fclose msvcrt.dll
    17                                  import fread msvcrt.dll
    18                                  import fprintf msvcrt.dll
    19                                  import fclose msvcrt.dll     
    20                                  
    21                                  segment data use32 class=data
    22                                      ; ...
    23 00000000 6C616238322E747874-         nume db 'lab82.txt',0
    23 00000009 00                 
    24 0000000A 7700                        mod_acces1 db 'w',0
    25 0000000C FFFFFFFF                    descriptor dd -1
    26 00000010 00<rept>                    buffer times 16 db 0
    27 00000020 FFFFFFFF                    nr_car_citite dd -1
    28 00000024 307663337663347663-         text db '0vc3vc4vc5',0
    28 0000002D 3500               
    29                                  
    30                                      
    31                                  segment code use32 class=code
    32                                      start:
    33                                          ; ...
    34                                   
    35 00000000 BF[24000000]                mov edi,text
    36 00000005 BB00000000                  mov ebx,0
    37                                      bucla1:
    38 0000000A 803C1F00                        cmp byte[edi+ebx],0
    39 0000000E 7413                            je fin
    40 00000010 803C1F30                        cmp byte[edi+ebx],'0'
    41 00000014 720A                            jb sf_bucla
    42 00000016 803C1F39                        cmp byte[edi+ebx],'9'
    43 0000001A 7704                            ja sf_bucla
    44 0000001C C6041F43                        mov byte[edi+ebx],'C'
    45                                          sf_bucla:
    46 00000020 43                              inc ebx
    47 00000021 EBE7                            jmp bucla1
    48                                      
    49                                      fin:
    50                                      
    51 00000023 68[0A000000]                push dword mod_acces1
    52 00000028 68[00000000]                push dword nume
    53 0000002D FF15[00000000]              call [fopen]
    54 00000033 83C408                      add esp,4*2
    55                                      
    56                                      
    57 00000036 A3[0C000000]                mov [descriptor],eax
    58 0000003B 83F800                      cmp eax,0
    59 0000003E 7423                        je final
    60                                      
    61                                  
    62 00000040 68[24000000]                push dword text
    63 00000045 FF35[0C000000]              push dword [descriptor]
    64 0000004B FF15[00000000]              call [fprintf]
    65 00000051 83C408                      add esp,4*2
    66                                      
    67 00000054 FF35[0C000000]              push dword [descriptor] 
    68 0000005A FF15[00000000]              call [fclose]
    69 00000060 83C404                      add esp,4
    70                                      
    71                                      
    72                                      final:
    73 00000063 6A00                        push    dword 0      
    74 00000065 FF15[00000000]              call    [exit]      
