     1                                  bits 32
     2                                  
     3                                  global start        
     4                                  
     5                                  extern exit
     6                                  import exit msvcrt.dll
     7                                  
     8                                  segment data use32 class=data
     9 00000000 0102030405060708            input db 1,2,3,4,5,6,7,8
    10                                      input_length equ $-input
    11 00000008 00                          input_index db 0
    12                                  
    13 00000009 020406                      src db 2,4,6
    14                                      src_length equ $-src
    15 0000000C 00                          src_index db 0
    16                                  
    17 0000000D 0C0E10                      dst db 12,14,16
    18 00000010 00<rept>                    output times input_length db 0
    19                                  
    20                                  segment code use32 class=code
    21                                      start:
    22 00000000 BB00000000                      mov ebx,0
    23                                          start_input_loop:
    24 00000005 8B83[00000000]                      mov eax, [input + ebx]
    25                                  
    26 0000000B 8B0D[08000000]                      mov ecx, [input_index]
    27 00000011 3B0D08000000                        cmp ecx, [input_length]
    28 00000017 7403                                je end_input_loop
    29 00000019 43                                  inc ebx
    30 0000001A EBE9                                jmp start_input_loop
    31                                          end_input_loop:
    32                                      
    33 0000001C 6A00                            push dword 0
    34 0000001E FF15[00000000]                  call [exit]
